app/build/intermediates/manifest_merge_blame_file/debug/manifest-merger-blame-debug-report.txt
1<?xml version="1.0" encoding="utf-8"?>
2<manifest xmlns:android="http://schemas.android.com/apk/res/android"
3    package="com.huawei.sample.hms"
4    android:versionCode="1"
5    android:versionName="1.0" >
6
7    <uses-sdk
8        android:minSdkVersion="26"
8-->src\main\AndroidManifest.xml
9        android:targetSdkVersion="33" />
9-->src\main\AndroidManifest.xml
10
11    <uses-permission android:name="android.permission.INTERNET" />
11-->src\main\AndroidManifest.xml:5:5-66
11-->src\main\AndroidManifest.xml:5:22-64
12    <uses-permission android:name="android.permission.ACCESS_NETWORK_STATE" />
12-->src\main\AndroidManifest.xml:6:5-79
12-->src\main\AndroidManifest.xml:6:22-76
13    <uses-permission android:name="android.permission.ACCESS_WIFI_STATE" />
13-->src\main\AndroidManifest.xml:7:5-76
13-->src\main\AndroidManifest.xml:7:22-73
14    <uses-permission android:name="android.permission.READ_EXTERNAL_STORAGE" />
14-->src\main\AndroidManifest.xml:8:5-80
14-->src\main\AndroidManifest.xml:8:22-77
15    <uses-permission android:name="android.permission.WRITE_EXTERNAL_STORAGE" />
15-->src\main\AndroidManifest.xml:9:5-81
15-->src\main\AndroidManifest.xml:9:22-78
16    <uses-permission android:name="android.permission.READ_PHONE_STATE" />
16-->src\main\AndroidManifest.xml:10:5-75
16-->src\main\AndroidManifest.xml:10:22-72
17
18    <queries>
18-->[com.huawei.hms:dynamic-api:1.0.20.300] AndroidManifest.xml:11:5-15:15
19        <package android:name="com.huawei.hff" />
19-->[com.huawei.hms:dynamic-api:1.0.20.300] AndroidManifest.xml:12:9-50
19-->[com.huawei.hms:dynamic-api:1.0.20.300] AndroidManifest.xml:12:18-47
20        <package android:name="com.huawei.hms" />
20-->[com.huawei.hms:dynamic-api:1.0.20.300] AndroidManifest.xml:12:9-50
20-->[com.huawei.hms:dynamic-api:1.0.20.300] AndroidManifest.xml:12:18-47
21        <package android:name="com.huawei.hwid" />
21-->[com.huawei.hms:dynamic-api:1.0.20.300] AndroidManifest.xml:12:9-50
21-->[com.huawei.hms:dynamic-api:1.0.20.300] AndroidManifest.xml:12:18-47
22    </queries>
23
24    <application
24-->src\main\AndroidManifest.xml:11:5-31:19
25        android:allowBackup="false"
25-->src\main\AndroidManifest.xml:13:13-40
26        android:appComponentFactory="androidx.core.app.CoreComponentFactory"
26-->[androidx.core:core:1.3.2] AndroidManifest.xml:24:18-86
27        android:debuggable="true"
28        android:hardwareAccelerated="false"
28-->src\main\AndroidManifest.xml:12:13-48
29        android:icon="@mipmap/ic_launcher"
29-->src\main\AndroidManifest.xml:14:13-47
30        android:label="@string/app_name"
30-->src\main\AndroidManifest.xml:15:13-45
31        android:largeHeap="true"
31-->src\main\AndroidManifest.xml:16:13-37
32        android:roundIcon="@mipmap/ic_launcher_round"
32-->src\main\AndroidManifest.xml:17:13-58
33        android:supportsRtl="true"
33-->src\main\AndroidManifest.xml:18:13-39
34        android:theme="@style/AppTheme" >
34-->src\main\AndroidManifest.xml:19:13-44
35        <activity android:name="com.huawei.hms.image.vision.sample.SmartLayoutActivity" />
35-->src\main\AndroidManifest.xml:20:9-66
35-->src\main\AndroidManifest.xml:20:19-54
36        <activity android:name="com.huawei.hms.image.vision.sample.FilterActivity" />
36-->src\main\AndroidManifest.xml:21:9-61
36-->src\main\AndroidManifest.xml:21:19-49
37        <activity android:name="com.huawei.hms.image.vision.sample.StickerActivity" />
37-->src\main\AndroidManifest.xml:22:9-62
37-->src\main\AndroidManifest.xml:22:19-50
38        <activity android:name="com.huawei.hms.image.vision.sample.ThemeTagActivity" />
38-->src\main\AndroidManifest.xml:23:9-63
38-->src\main\AndroidManifest.xml:23:19-51
39        <activity android:name="com.huawei.hms.image.vision.sample.CropImageActivity" />
39-->src\main\AndroidManifest.xml:24:9-54
39-->src\main\AndroidManifest.xml:24:19-52
40        <activity android:name="com.huawei.hms.image.vision.sample.ImageKitVisionMainActivity" >
40-->src\main\AndroidManifest.xml:25:9-30:20
40-->src\main\AndroidManifest.xml:25:19-61
41            <intent-filter>
41-->src\main\AndroidManifest.xml:26:13-29:29
42                <action android:name="android.intent.action.MAIN" />
42-->src\main\AndroidManifest.xml:27:17-69
42-->src\main\AndroidManifest.xml:27:25-66
43
44                <category android:name="android.intent.category.LAUNCHER" />
44-->src\main\AndroidManifest.xml:28:17-77
44-->src\main\AndroidManifest.xml:28:27-74
45            </intent-filter>
46        </activity>
47
48        <meta-data
48-->[com.huawei.hms:image-vision:1.0.3.306] AndroidManifest.xml:16:9-18:54
49            android:name="com.huawei.hms.client.service.name:image-vision"
49-->[com.huawei.hms:image-vision:1.0.3.306] AndroidManifest.xml:17:13-75
50            android:value="image-vision:1.0.3.306" />
50-->[com.huawei.hms:image-vision:1.0.3.306] AndroidManifest.xml:18:13-51
51        <meta-data
51-->[com.huawei.hms:image-vision:1.0.3.306] AndroidManifest.xml:19:9-21:40
52            android:name="com.huawei.hms.min_api_level:image-vision:huawei_module_imagevision"
52-->[com.huawei.hms:image-vision:1.0.3.306] AndroidManifest.xml:20:13-95
53            android:value="10003301" />
53-->[com.huawei.hms:image-vision:1.0.3.306] AndroidManifest.xml:21:13-37
54        <meta-data
54-->[com.huawei.hms:dynamic-api:1.0.20.300] AndroidManifest.xml:18:9-20:54
55            android:name="com.huawei.hms.client.service.name:dynamic-api"
55-->[com.huawei.hms:dynamic-api:1.0.20.300] AndroidManifest.xml:19:13-74
56            android:value="dynamic-api:1.0.20.300" />
56-->[com.huawei.hms:dynamic-api:1.0.20.300] AndroidManifest.xml:20:13-51
57        <meta-data
57-->[com.huawei.hms:dynamic-api:1.0.20.300] AndroidManifest.xml:21:9-23:33
58            android:name="com.huawei.hms.min_api_level:dynamic-api:huawei_module_dynamicloader"
58-->[com.huawei.hms:dynamic-api:1.0.20.300] AndroidManifest.xml:22:13-96
59            android:value="8" />
59-->[com.huawei.hms:dynamic-api:1.0.20.300] AndroidManifest.xml:23:13-30
60
61        <uses-library
61-->[com.huawei.android.hms:security-ssl:1.1.5.301] AndroidManifest.xml:10:9-12:40
62            android:name="org.apache.http.legacy"
62-->[com.huawei.android.hms:security-ssl:1.1.5.301] AndroidManifest.xml:11:13-50
63            android:required="false" />
63-->[com.huawei.android.hms:security-ssl:1.1.5.301] AndroidManifest.xml:12:13-37
64    </application>
65
66</manifest>